2024-07-09 13:36:05 - Predictions file predictions_bs=128_τ=100_α=0.1.csv generated in 67.29s.
2024-07-10 13:47:47 - Predictions file predictions_ν=0.95_components=4206.csv generated in 101.89s.
2024-07-10 14:16:29 - Predictions file predictions_ν=0.9_components=3711.csv generated in 93.00s.
2024-07-10 15:08:15 - Predictions file predictions_ν=0.85_components=3312.csv generated in 89.90s.
2024-07-10 15:20:43 - Predictions file predictions_bs=128_τ=50_α=0.1.csv generated in 31.12s.
2024-07-10 15:22:09 - Predictions file predictions_ν=0.8_components=2970.csv generated in 86.15s.
2024-07-10 16:06:33 - Predictions file predictions_bs=128_τ=1000_α=0.1.csv generated in 624.19s.
2024-07-10 16:08:08 - Predictions file predictions_ν=0.8_components=2970.csv generated in 95.04s.
2024-07-10 17:36:56 - Predictions file predictions_ν=0.9_components=3711.csv generated in 96.97s.
2024-07-10 17:45:13 - Predictions file predictions_ν=0.9_components=3711.csv generated in 92.42s.
2024-07-10 18:21:30 - Predictions file predictions_bs=128_τ=200_α=0.1.csv generated in 124.13s.
2024-07-10 18:21:37 - Predictions file ./pcaknn/predictions_C=100_components=100.csv generated in 7.29s.
2024-07-10 18:51:29 - Predictions file ./predictions/logreg/predictions_bs=128_τ=200_α=0.1.csv generated in 128.32s.
2024-07-10 18:51:36 - Predictions file ./predictions/pcaknn/predictions_C=100_components=100.csv generated in 7.37s.
2024-07-10 18:57:38 - Predictions file ./predictions/pcaknn/predictions_C=500_components=500.csv generated in 15.11s.
2024-07-10 18:58:01 - Predictions file ./predictions/pcaknn/predictions_C=1000_components=1000.csv generated in 22.87s.
2024-07-10 18:58:59 - Predictions file ./predictions/pcaknn/predictions_C=2000_components=2000.csv generated in 57.48s.
2024-07-10 19:41:53 - Predictions file ./predictions/logreg/predictions_β=128_τ=900_α=0.1.csv generated in 570.59s.
2024-07-10 19:44:11 - Predictions file ./predictions/pcaknn/predictions_κ=5000.csv generated in 137.59s.
2024-07-10 20:21:04 - Predictions file ./predictions/logreg/predictions_β=179_τ=1000_α=0.1.csv generated in 927.98s.
2024-07-10 20:54:12 - Predictions file ./predictions/logreg/predictions_logreg_β=32_τ=1000_α=0.1.csv generated in 858.12s.
2024-07-10 21:04:42 - Predictions file ./predictions/logreg/predictions_logreg_β=64_τ=1000_α=0.1.csv generated in 630.25s.
2024-07-10 21:16:25 - Predictions file ./predictions/logreg/predictions_logreg_β=100_τ=1000_α=0.1.csv generated in 703.36s.
2024-07-11 01:48:44 - Predictions file ./predictions/logreg/predictions_logreg_β=128_τ=10000_α=0.05.csv generated in 7893.21s.
